0.9912604926743745
0.9885565511903388
0.9859702359627035
0.9828422787010822
0.934693990894957
0.9295291365931825
0.9074393287383989
0.9251438240578532
0.9177767742340253
0.9251387020396639
0.9811716371277124
0.9840217661035464
0.9824181453480411
1.0
1.0
1.0
1.0
0.9892104812849095
1.0
0.9843000344504702
1.0
0.9833502798110311
0.9837403531834533
1.0
1.0
0.9359166506928924
1.0
1.0
0.9915146094645986
1.0
0.949108119359304
1.0
0.833541215239473
1.0
1.0
1.0
0.6662283524432516
1.0
0.818543122249852
1.0
0.6506225853118338
